{
  "RSpec": {
    "coverage": {
      "/Users/NixSiow/Projects/wdi-4/05-rails/marketplace/config/environment.rb": [
        null,
        1,
        null,
        null,
        1
      ],
      "/Users/NixSiow/Projects/wdi-4/05-rails/marketplace/config/application.rb": [
        1,
        null,
        null,
        1,
        1,
        1,
        1,
        1,
        1,
        null,
        null,
        null,
        null,
        1,
        null,
        1,
        1,
        null,
        null,
        null,
        null,
        null,
        null,
        null,
        null,
        null,
        null,
        null,
        null,
        null,
        1,
        null,
        null,
        null
      ],
      "/Users/NixSiow/Projects/wdi-4/05-rails/marketplace/config/boot.rb": [
        null,
        1,
        null,
        1
      ],
      "/Users/NixSiow/Projects/wdi-4/05-rails/marketplace/config/environments/test.rb": [
        1,
        null,
        null,
        null,
        null,
        null,
        null,
        1,
        null,
        null,
        null,
        null,
        1,
        null,
        null,
        1,
        1,
        null,
        null,
        1,
        1,
        null,
        null,
        1,
        null,
        null,
        1,
        null,
        null,
        null,
        null,
        1,
        null,
        null,
        1,
        null,
        null,
        null,
        null
      ],
      "/Users/NixSiow/Projects/wdi-4/05-rails/marketplace/config/initializers/backtrace_silencers.rb": [
        null,
        null,
        null,
        null,
        null,
        null,
        null
      ],
      "/Users/NixSiow/Projects/wdi-4/05-rails/marketplace/config/initializers/cookies_serializer.rb": [
        null,
        null,
        1
      ],
      "/Users/NixSiow/Projects/wdi-4/05-rails/marketplace/config/initializers/devise.rb": [
        null,
        null,
        1,
        null,
        null,
        null,
        null,
        null,
        null,
        null,
        null,
        null,
        1,
        null,
        null,
        null,
        null,
        null,
        null,
        null,
        null,
        1,
        null,
        null,
        null,
        null,
        null,
        null,
        null,
        null,
        null,
        1,
        null,
        null,
        null,
        null,
        null,
        null,
        null,
        null,
        null,
        null,
        null,
        1,
        null,
        null,
        null,
        null,
        1,
        null,
        null,
        null,
        null,
        null,
        null,
        null,
        null,
        null,
        null,
        null,
        null,
        null,
        null,
        null,
        null,
        null,
        null,
        null,
        null,
        null,
        null,
        null,
        null,
        null,
        null,
        null,
        null,
        null,
        null,
        1,
        null,
        null,
        null,
        null,
        null,
        null,
        null,
        null,
        null,
        null,
        null,
        null,
        null,
        null,
        null,
        null,
        1,
        null,
        null,
        null,
        null,
        null,
        null,
        null,
        null,
        null,
        null,
        null,
        null,
        null,
        null,
        null,
        null,
        null,
        null,
        null,
        null,
        null,
        null,
        null,
        null,
        1,
        null,
        null,
        null,
        null,
        null,
        null,
        1,
        null,
        null,
        1,
        null,
        null,
        null,
        null,
        null,
        null,
        null,
        1,
        null,
        null,
        null,
        null,
        null,
        null,
        null,
        null,
        null,
        null,
        null,
        null,
        null,
        null,
        null,
        null,
        null,
        null,
        null,
        null,
        null,
        null,
        null,
        null,
        null,
        null,
        null,
        null,
        null,
        null,
        null,
        null,
        null,
        null,
        null,
        null,
        null,
        null,
        null,
        null,
        null,
        null,
        null,
        null,
        null,
        null,
        null,
        null,
        1,
        null,
        null,
        null,
        null,
        null,
        null,
        null,
        null,
        null,
        null,
        null,
        null,
        null,
        null,
        null,
        null,
        null,
        null,
        null,
        null,
        null,
        null,
        null,
        null,
        null,
        null,
        null,
        null,
        null,
        null,
        null,
        null,
        null,
        null,
        null,
        null,
        null,
        1,
        null,
        null,
        null,
        null,
        null,
        null,
        null,
        null,
        null,
        null,
        null,
        null,
        null,
        null,
        null,
        null,
        null,
        null,
        null,
        null,
        null,
        null,
        null,
        null,
        null,
        null,
        null,
        null,
        null
      ],
      "/Users/NixSiow/Projects/wdi-4/05-rails/marketplace/config/initializers/filter_parameter_logging.rb": [
        null,
        null,
        null,
        1
      ],
      "/Users/NixSiow/Projects/wdi-4/05-rails/marketplace/config/initializers/inflections.rb": [
        null,
        null,
        null,
        null,
        null,
        null,
        null,
        null,
        null,
        null,
        null,
        null,
        null,
        null,
        null,
        null
      ],
      "/Users/NixSiow/Projects/wdi-4/05-rails/marketplace/config/initializers/mime_types.rb": [
        null,
        null,
        null,
        null
      ],
      "/Users/NixSiow/Projects/wdi-4/05-rails/marketplace/config/initializers/session_store.rb": [
        null,
        null,
        1
      ],
      "/Users/NixSiow/Projects/wdi-4/05-rails/marketplace/config/initializers/wrap_parameters.rb": [
        null,
        null,
        null,
        null,
        null,
        null,
        1,
        1,
        null,
        null,
        null,
        null,
        null,
        null
      ],
      "/Users/NixSiow/Projects/wdi-4/05-rails/marketplace/config/routes.rb": [
        1,
        null,
        1,
        null,
        1,
        null,
        1,
        null,
        1,
        null,
        1,
        null,
        1,
        null,
        null,
        null,
        null,
        null,
        1,
        null,
        null,
        null,
        null,
        null,
        null,
        null,
        null,
        null,
        null,
        null,
        null,
        null,
        null,
        null,
        null,
        null,
        null,
        null,
        null,
        null,
        null,
        null,
        null,
        null,
        null,
        null,
        null,
        null,
        null,
        null,
        null,
        null,
        null,
        null,
        null,
        null,
        null,
        null,
        null,
        null,
        null,
        null,
        null,
        null,
        null,
        null,
        null,
        null,
        null
      ],
      "/Users/NixSiow/Projects/wdi-4/05-rails/marketplace/app/models/user.rb": [
        null,
        null,
        null,
        null,
        null,
        null,
        null,
        null,
        null,
        null,
        null,
        null,
        null,
        null,
        null,
        null,
        null,
        null,
        null,
        null,
        null,
        1,
        null,
        null,
        1,
        null,
        null,
        1,
        null,
        1,
        null,
        null,
        null,
        1,
        null,
        null,
        1,
        null
      ],
      "/Users/NixSiow/Projects/wdi-4/05-rails/marketplace/app/helpers/application_helper.rb": [
        1,
        null
      ],
      "/Users/NixSiow/Projects/wdi-4/05-rails/marketplace/app/helpers/charges_helper.rb": [
        1,
        null
      ],
      "/Users/NixSiow/Projects/wdi-4/05-rails/marketplace/app/helpers/order_products_helper.rb": [
        1,
        null
      ],
      "/Users/NixSiow/Projects/wdi-4/05-rails/marketplace/app/helpers/orders_helper.rb": [
        1,
        null
      ],
      "/Users/NixSiow/Projects/wdi-4/05-rails/marketplace/app/helpers/products_helper.rb": [
        1,
        null
      ],
      "/Users/NixSiow/Projects/wdi-4/05-rails/marketplace/app/models/order_product.rb": [
        null,
        null,
        null,
        null,
        null,
        null,
        null,
        null,
        null,
        null,
        null,
        null,
        1,
        1,
        null,
        null,
        1,
        1,
        null,
        1,
        1,
        null,
        1,
        0,
        null,
        null
      ],
      "/Users/NixSiow/Projects/wdi-4/05-rails/marketplace/spec/models/orders_spec.rb": [
        1,
        null,
        null,
        1,
        null,
        2,
        null,
        2,
        2,
        2,
        null,
        null,
        null,
        null,
        null,
        1,
        null,
        1,
        2,
        null,
        null,
        2,
        2,
        null,
        null,
        null,
        null,
        1,
        null,
        1,
        1,
        1,
        null,
        null,
        1,
        1,
        null,
        null,
        null,
        null,
        null,
        1,
        null,
        1,
        1,
        null,
        null,
        1,
        1,
        null,
        null,
        null,
        null,
        null
      ],
      "/Users/NixSiow/Projects/wdi-4/05-rails/marketplace/app/models/order.rb": [
        null,
        null,
        null,
        null,
        null,
        null,
        null,
        null,
        null,
        null,
        1,
        1,
        null,
        1,
        null,
        1,
        1,
        1,
        null
      ],
      "/Users/NixSiow/Projects/wdi-4/05-rails/marketplace/spec/models/products_spec.rb": [
        1,
        null,
        null,
        1,
        null,
        2,
        2,
        2,
        2,
        2,
        null,
        2,
        2,
        null,
        null,
        null,
        null,
        null,
        1,
        null,
        1,
        6,
        null,
        null,
        2,
        2,
        2,
        2,
        2,
        2,
        null,
        null,
        null,
        null,
        1,
        null,
        1,
        7,
        7,
        null,
        null,
        1,
        1,
        null,
        null,
        1,
        1,
        null,
        null,
        1,
        1,
        null,
        null,
        1,
        1,
        null,
        null,
        1,
        1,
        null,
        null,
        1,
        1,
        null,
        null,
        1,
        1,
        null,
        null,
        null,
        null,
        null
      ],
      "/Users/NixSiow/Projects/wdi-4/05-rails/marketplace/app/models/product.rb": [
        null,
        null,
        null,
        null,
        null,
        null,
        null,
        null,
        null,
        null,
        null,
        null,
        null,
        null,
        1,
        1,
        null,
        1,
        1,
        1,
        1,
        1,
        null,
        1,
        1,
        null
      ],
      "/Users/NixSiow/Projects/wdi-4/05-rails/marketplace/spec/models/users_spec.rb": [
        1,
        null,
        null,
        1,
        null,
        2,
        2,
        2,
        2,
        2,
        null,
        2,
        null,
        null,
        2,
        2,
        null,
        null,
        null,
        null,
        null,
        1,
        null,
        1,
        6,
        null,
        null,
        2,
        2,
        2,
        2,
        2,
        2,
        null,
        null,
        null,
        null,
        1,
        null,
        1,
        6,
        null,
        null,
        1,
        1,
        null,
        null,
        1,
        1,
        null,
        null,
        1,
        1,
        null,
        null,
        1,
        1,
        null,
        null,
        1,
        1,
        null,
        null,
        1,
        1,
        null,
        null,
        null,
        null,
        null
      ]
    },
    "timestamp": 1400458487
  }
}
